#
# There is insufficient memory for the Java Runtime Environment to continue.
# Native memory allocation (malloc) failed to allocate 65552 bytes for Chunk::new
# Possible reasons:
#   The system is out of physical RAM or swap space
#   The process is running with CompressedOops enabled, and the Java Heap may be blocking the growth of the native heap
# Possible solutions:
#   Reduce memory load on the system
#   Increase physical memory or swap space
#   Check if swap backing store is full
#   Decrease Java heap size (-Xmx/-Xms)
#   Decrease number of Java threads
#   Decrease Java thread stack sizes (-Xss)
#   Set larger code cache with -XX:ReservedCodeCacheSize=
#   JVM is running with Zero Based Compressed Oops mode in which the Java heap is
#     placed in the first 32GB address space. The Java Heap base address is the
#     maximum limit for the native heap growth. Please use -XX:HeapBaseMinAddress
#     to set the Java Heap base and to place the Java Heap above 32GB virtual address.
# This output file may be truncated or incomplete.
#
#  Out of Memory Error (arena.cpp:168), pid=12224, tid=21752
#
# JRE version: Java(TM) SE Runtime Environment (21.0.4+8) (build 21.0.4+8-LTS-274)
# Java VM: Java HotSpot(TM) 64-Bit Server VM (21.0.4+8-LTS-274, mixed mode, sharing, tiered, compressed oops, compressed class ptrs, g1 gc, windows-amd64)
# No core dump will be written. Minidumps are not enabled by default on client versions of Windows
#

---------------  S U M M A R Y ------------

Command Line: -javaagent:D:\IntelliJ IDEA Community Edition 2024.2.3\lib\idea_rt.jar=53960:D:\IntelliJ IDEA Community Edition 2024.2.3\bin -Dfile.encoding=UTF-8 -Dsun.stdout.encoding=UTF-8 -Dsun.stderr.encoding=UTF-8 com.codeWithProject.hotelServer.HotelServerApplication

Host: 11th Gen Intel(R) Core(TM) i5-11400H @ 2.70GHz, 12 cores, 15G,  Windows 11 , 64 bit Build 22621 (10.0.22621.3958)
Time: Thu Oct 17 15:08:11 2024 SE Asia Standard Time elapsed time: 1800.600187 seconds (0d 0h 30m 0s)

---------------  T H R E A D  ---------------

Current thread (0x0000022e34804870):  JavaThread "C2 CompilerThread0" daemon [_thread_in_native, id=21752, stack(0x0000008156500000,0x0000008156600000) (1024K)]


Current CompileTask:
C2:1800600 6434       4       java.security.Provider::getService (142 bytes)

Stack: [0x0000008156500000,0x0000008156600000]
Native frames: (J=compiled Java code, j=interpreted, Vv=VM code, C=native code)
V  [jvm.dll+0x6c8e59]
V  [jvm.dll+0x853181]
V  [jvm.dll+0x8556ae]
V  [jvm.dll+0x855d83]
V  [jvm.dll+0x27d526]
V  [jvm.dll+0xc4aad]
V  [jvm.dll+0xc4fe3]
V  [jvm.dll+0xc4bd5]
V  [jvm.dll+0x6efdbf]
V  [jvm.dll+0x1cb133]
V  [jvm.dll+0x6f0b90]
V  [jvm.dll+0x746e2f]
V  [jvm.dll+0x5e5ff4]
V  [jvm.dll+0x5eb0f5]
V  [jvm.dll+0x5eb3dc]
V  [jvm.dll+0x5edab8]
V  [jvm.dll+0x5ed509]
V  [jvm.dll+0x5ed3f0]
V  [jvm.dll+0x5f4834]
V  [jvm.dll+0x24f102]
V  [jvm.dll+0x247eef]
V  [jvm.dll+0x245754]
V  [jvm.dll+0x1c69de]
V  [jvm.dll+0x254d49]
V  [jvm.dll+0x2532da]
V  [jvm.dll+0x3ed426]
V  [jvm.dll+0x7fd65b]
V  [jvm.dll+0x6c753d]
C  [ucrtbase.dll+0x29333]
C  [KERNEL32.DLL+0x1257d]
C  [ntdll.dll+0x5af08]


---------------  P R O C E S S  ---------------

Threads class SMR info:
_java_thread_list=0x0000022e7c979470, length=31, elements={
0x0000022e347e9580, 0x0000022e347ea390, 0x0000022e347ec7f0, 0x0000022e347ed5a0,
0x0000022e347ef4a0, 0x0000022e347eff00, 0x0000022e34804870, 0x0000022e348084a0,
0x0000022e349f1e80, 0x0000022e349f0ad0, 0x0000022e349f2ba0, 0x0000022e349f38c0,
0x0000022e349f2510, 0x0000022e349f3f50, 0x0000022e7c1f3dd0, 0x0000022e7c1f5180,
0x0000022e7c1f5810, 0x0000022e7c1f4460, 0x0000022e7c1ee880, 0x0000022e7c1ef5a0,
0x0000022e7c1efc30, 0x0000022e7c1f4af0, 0x0000022e7c1f1d00, 0x0000022e7c1f30b0,
0x0000022e7c1f2390, 0x0000022e7c1f3740, 0x0000022e7c1f02c0, 0x0000022e7c1eef10,
0x0000022e7c1f0950, 0x0000022e7c1ee1f0, 0x0000022e7c1f0fe0
}

Java Threads: ( => current thread )
  0x0000022e347e9580 JavaThread "Reference Handler"          daemon [_thread_blocked, id=9208, stack(0x0000008155f00000,0x0000008156000000) (1024K)]
  0x0000022e347ea390 JavaThread "Finalizer"                  daemon [_thread_blocked, id=19960, stack(0x0000008156000000,0x0000008156100000) (1024K)]
  0x0000022e347ec7f0 JavaThread "Signal Dispatcher"          daemon [_thread_blocked, id=848, stack(0x0000008156100000,0x0000008156200000) (1024K)]
  0x0000022e347ed5a0 JavaThread "Attach Listener"            daemon [_thread_blocked, id=25148, stack(0x0000008156200000,0x0000008156300000) (1024K)]
  0x0000022e347ef4a0 JavaThread "Service Thread"             daemon [_thread_blocked, id=21436, stack(0x0000008156300000,0x0000008156400000) (1024K)]
  0x0000022e347eff00 JavaThread "Monitor Deflation Thread"   daemon [_thread_blocked, id=24284, stack(0x0000008156400000,0x0000008156500000) (1024K)]
=>0x0000022e34804870 JavaThread "C2 CompilerThread0"         daemon [_thread_in_native, id=21752, stack(0x0000008156500000,0x0000008156600000) (1024K)]
  0x0000022e348084a0 JavaThread "C1 CompilerThread0"         daemon [_thread_blocked, id=25256, stack(0x0000008156600000,0x0000008156700000) (1024K)]
  0x0000022e349f1e80 JavaThread "Common-Cleaner"             daemon [_thread_blocked, id=25316, stack(0x0000008156700000,0x0000008156800000) (1024K)]
  0x0000022e349f0ad0 JavaThread "Monitor Ctrl-Break"         daemon [_thread_in_native, id=24080, stack(0x0000008156900000,0x0000008156a00000) (1024K)]
  0x0000022e349f2ba0 JavaThread "Notification Thread"        daemon [_thread_blocked, id=19764, stack(0x0000008156a00000,0x0000008156b00000) (1024K)]
  0x0000022e349f38c0 JavaThread "Catalina-utility-1"                [_thread_blocked, id=14444, stack(0x0000008157000000,0x0000008157100000) (1024K)]
  0x0000022e349f2510 JavaThread "Catalina-utility-2"                [_thread_blocked, id=5472, stack(0x0000008157800000,0x0000008157900000) (1024K)]
  0x0000022e349f3f50 JavaThread "container-0"                       [_thread_blocked, id=23168, stack(0x0000008157900000,0x0000008157a00000) (1024K)]
  0x0000022e7c1f3dd0 JavaThread "mysql-cj-abandoned-connection-cleanup" daemon [_thread_blocked, id=4628, stack(0x0000008157a00000,0x0000008157b00000) (1024K)]
  0x0000022e7c1f5180 JavaThread "HikariPool-1 housekeeper"   daemon [_thread_blocked, id=23216, stack(0x0000008157c00000,0x0000008157d00000) (1024K)]
  0x0000022e7c1f5810 JavaThread "http-nio-8080-exec-1"       daemon [_thread_blocked, id=20208, stack(0x0000008157e00000,0x0000008157f00000) (1024K)]
  0x0000022e7c1f4460 JavaThread "http-nio-8080-exec-2"       daemon [_thread_blocked, id=6140, stack(0x0000008157f00000,0x0000008158000000) (1024K)]
  0x0000022e7c1ee880 JavaThread "http-nio-8080-exec-3"       daemon [_thread_blocked, id=25592, stack(0x0000008158000000,0x0000008158100000) (1024K)]
  0x0000022e7c1ef5a0 JavaThread "http-nio-8080-exec-4"       daemon [_thread_blocked, id=25532, stack(0x0000008158100000,0x0000008158200000) (1024K)]
  0x0000022e7c1efc30 JavaThread "http-nio-8080-exec-5"       daemon [_thread_blocked, id=14576, stack(0x0000008158200000,0x0000008158300000) (1024K)]
  0x0000022e7c1f4af0 JavaThread "http-nio-8080-exec-6"       daemon [_thread_blocked, id=312, stack(0x0000008158300000,0x0000008158400000) (1024K)]
  0x0000022e7c1f1d00 JavaThread "http-nio-8080-exec-7"       daemon [_thread_blocked, id=23276, stack(0x0000008158400000,0x0000008158500000) (1024K)]
  0x0000022e7c1f30b0 JavaThread "http-nio-8080-exec-8"       daemon [_thread_blocked, id=21548, stack(0x0000008158500000,0x0000008158600000) (1024K)]
  0x0000022e7c1f2390 JavaThread "http-nio-8080-exec-9"       daemon [_thread_blocked, id=4484, stack(0x0000008158600000,0x0000008158700000) (1024K)]
  0x0000022e7c1f3740 JavaThread "http-nio-8080-exec-10"      daemon [_thread_blocked, id=18940, stack(0x0000008158700000,0x0000008158800000) (1024K)]
  0x0000022e7c1f02c0 JavaThread "http-nio-8080-Poller"       daemon [_thread_in_native, id=21032, stack(0x0000008158800000,0x0000008158900000) (1024K)]
  0x0000022e7c1eef10 JavaThread "http-nio-8080-Acceptor"     daemon [_thread_in_native, id=23756, stack(0x0000008158900000,0x0000008158a00000) (1024K)]
  0x0000022e7c1f0950 JavaThread "DestroyJavaVM"                     [_thread_blocked, id=23400, stack(0x0000008155700000,0x0000008155800000) (1024K)]
  0x0000022e7c1ee1f0 JavaThread "HikariPool-1 connection closer" daemon [_thread_blocked, id=21656, stack(0x0000008155400000,0x0000008155500000) (1024K)]
  0x0000022e7c1f0fe0 JavaThread "HikariPool-1 connection adder" daemon [_thread_blocked, id=24040, stack(0x0000008155500000,0x0000008155600000) (1024K)]
Total: 31

Other Threads:
  0x0000022e347ce720 VMThread "VM Thread"                           [id=1668, stack(0x0000008155e00000,0x0000008155f00000) (1024K)]
  0x0000022e347b4e40 WatcherThread "VM Periodic Task Thread"        [id=24800, stack(0x0000008155d00000,0x0000008155e00000) (1024K)]
  0x0000022e1319afd0 WorkerThread "GC Thread#0"                     [id=20732, stack(0x0000008155800000,0x0000008155900000) (1024K)]
  0x0000022e7a4d6a90 WorkerThread "GC Thread#1"                     [id=23152, stack(0x0000008156b00000,0x0000008156c00000) (1024K)]
  0x0000022e7a676dd0 WorkerThread "GC Thread#2"                     [id=24172, stack(0x0000008156c00000,0x0000008156d00000) (1024K)]
  0x0000022e7a677170 WorkerThread "GC Thread#3"                     [id=22576, stack(0x0000008156d00000,0x0000008156e00000) (1024K)]
  0x0000022e7a677510 WorkerThread "GC Thread#4"                     [id=14264, stack(0x0000008156e00000,0x0000008156f00000) (1024K)]
  0x0000022e7a9133e0 WorkerThread "GC Thread#5"                     [id=25032, stack(0x0000008156f00000,0x0000008157000000) (1024K)]
  0x0000022e7ac34e50 WorkerThread "GC Thread#6"                     [id=8936, stack(0x0000008157100000,0x0000008157200000) (1024K)]
  0x0000022e7ac34370 WorkerThread "GC Thread#7"                     [id=22212, stack(0x0000008157200000,0x0000008157300000) (1024K)]
  0x0000022e7ac351f0 WorkerThread "GC Thread#8"                     [id=20044, stack(0x0000008157300000,0x0000008157400000) (1024K)]
  0x0000022e7ac33fd0 WorkerThread "GC Thread#9"                     [id=16460, stack(0x0000008157500000,0x0000008157600000) (1024K)]
  0x0000022e1319bb50 ConcurrentGCThread "G1 Main Marker"            [id=5228, stack(0x0000008155900000,0x0000008155a00000) (1024K)]
  0x0000022e1319c610 WorkerThread "G1 Conc#0"                       [id=5772, stack(0x0000008155a00000,0x0000008155b00000) (1024K)]
  0x0000022e7b333db0 WorkerThread "G1 Conc#1"                       [id=22564, stack(0x0000008157600000,0x0000008157700000) (1024K)]
  0x0000022e7b3361f0 WorkerThread "G1 Conc#2"                       [id=6896, stack(0x0000008157700000,0x0000008157800000) (1024K)]
  0x0000022e34686420 ConcurrentGCThread "G1 Refine#0"               [id=14240, stack(0x0000008155b00000,0x0000008155c00000) (1024K)]
  0x0000022e34686e90 ConcurrentGCThread "G1 Service"                [id=23516, stack(0x0000008155c00000,0x0000008155d00000) (1024K)]
Total: 18

Threads with active compile tasks:
C2 CompilerThread0  1800685 6434       4       java.security.Provider::getService (142 bytes)
Total: 1

VM state: not at safepoint (normal execution)

VM Mutex/Monitor currently owned by a thread: None

Heap address: 0x0000000703a00000, size: 4038 MB, Compressed Oops mode: Zero based, Oop shift amount: 3

CDS archive(s) mapped at: [0x0000022e35000000-0x0000022e35c90000-0x0000022e35c90000), size 13172736, SharedBaseAddress: 0x0000022e35000000, ArchiveRelocationMode: 1.
Compressed class space mapped at: 0x0000022e36000000-0x0000022e76000000, reserved size: 1073741824
Narrow klass base: 0x0000022e35000000, Narrow klass shift: 0, Narrow klass range: 0x100000000

GC Precious Log:
 CardTable entry size: 512
 Card Set container configuration: InlinePtr #cards 4 size 8 Array Of Cards #cards 16 size 48 Howl #buckets 8 coarsen threshold 3686 Howl Bitmap #cards 512 size 80 coarsen threshold 460 Card regions per heap region 1 cards per card region 4096
 CPUs: 12 total, 12 available
 Memory: 16147M
 Large Page Support: Disabled
 NUMA Support: Disabled
 Compressed Oops: Enabled (Zero based)
 Heap Region Size: 2M
 Heap Min Capacity: 8M
 Heap Initial Capacity: 254M
 Heap Max Capacity: 4038M
 Pre-touch: Disabled
 Parallel Workers: 10
 Concurrent Workers: 3
 Concurrent Refinement Workers: 10
 Periodic GC: Disabled

Heap:
 garbage-first heap   total 81920K, used 45646K [0x0000000703a00000, 0x0000000800000000)
  region size 2048K, 10 young (20480K), 2 survivors (4096K)
 Metaspace       used 76392K, committed 77120K, reserved 1179648K
  class space    used 10354K, committed 10688K, reserved 1048576K

Heap Regions: E=young(eden), S=young(survivor), O=old, HS=humongous(starts), HC=humongous(continues), CS=collection set, F=free, TAMS=top-at-mark-start, PB=parsable bottom
|   0|0x0000000703a00000, 0x0000000703c00000, 0x0000000703c00000|100%| O|  |TAMS 0x0000000703a00000| PB 0x0000000703a00000| Untracked 
|   1|0x0000000703c00000, 0x0000000703e00000, 0x0000000703e00000|100%| O|  |TAMS 0x0000000703c00000| PB 0x0000000703c00000| Untracked 
|   2|0x0000000703e00000, 0x0000000703e00000, 0x0000000704000000|  0%| F|  |TAMS 0x0000000703e00000| PB 0x0000000703e00000| Untracked 
|   3|0x0000000704000000, 0x0000000704200000, 0x0000000704200000|100%| O|  |TAMS 0x0000000704000000| PB 0x0000000704000000| Untracked 
|   4|0x0000000704200000, 0x0000000704400000, 0x0000000704400000|100%| O|  |TAMS 0x0000000704200000| PB 0x0000000704200000| Untracked 
|   5|0x0000000704400000, 0x0000000704600000, 0x0000000704600000|100%| O|  |TAMS 0x0000000704400000| PB 0x0000000704400000| Untracked 
|   6|0x0000000704600000, 0x0000000704800000, 0x0000000704800000|100%| O|  |TAMS 0x0000000704600000| PB 0x0000000704600000| Untracked 
|   7|0x0000000704800000, 0x0000000704a00000, 0x0000000704a00000|100%| O|  |TAMS 0x0000000704800000| PB 0x0000000704800000| Untracked 
|   8|0x0000000704a00000, 0x0000000704c00000, 0x0000000704c00000|100%| O|  |TAMS 0x0000000704a00000| PB 0x0000000704a00000| Untracked 
|   9|0x0000000704c00000, 0x0000000704e00000, 0x0000000704e00000|100%| O|  |TAMS 0x0000000704c00000| PB 0x0000000704c00000| Untracked 
|  10|0x0000000704e00000, 0x0000000705000000, 0x0000000705000000|100%| O|  |TAMS 0x0000000704e00000| PB 0x0000000704e00000| Untracked 
|  11|0x0000000705000000, 0x0000000705200000, 0x0000000705200000|100%| O|  |TAMS 0x0000000705000000| PB 0x0000000705000000| Untracked 
|  12|0x0000000705200000, 0x0000000705400000, 0x0000000705400000|100%| O|  |TAMS 0x0000000705200000| PB 0x0000000705200000| Untracked 
|  13|0x0000000705400000, 0x0000000705600000, 0x0000000705600000|100%| O|  |TAMS 0x0000000705400000| PB 0x0000000705400000| Untracked 
|  14|0x0000000705600000, 0x0000000705600000, 0x0000000705800000|  0%| F|  |TAMS 0x0000000705600000| PB 0x0000000705600000| Untracked 
|  15|0x0000000705800000, 0x0000000705800000, 0x0000000705a00000|  0%| F|  |TAMS 0x0000000705800000| PB 0x0000000705800000| Untracked 
|  16|0x0000000705a00000, 0x0000000705a00000, 0x0000000705c00000|  0%| F|  |TAMS 0x0000000705a00000| PB 0x0000000705a00000| Untracked 
|  17|0x0000000705c00000, 0x0000000705cf29e0, 0x0000000705e00000| 47%| O|  |TAMS 0x0000000705c00000| PB 0x0000000705c00000| Untracked 
|  18|0x0000000705e00000, 0x0000000705fa0e60, 0x0000000706000000| 81%| S|CS|TAMS 0x0000000705e00000| PB 0x0000000705e00000| Complete 
|  19|0x0000000706000000, 0x0000000706200000, 0x0000000706200000|100%| S|CS|TAMS 0x0000000706000000| PB 0x0000000706000000| Complete 
|  20|0x0000000706200000, 0x0000000706200000, 0x0000000706400000|  0%| F|  |TAMS 0x0000000706200000| PB 0x0000000706200000| Untracked 
|  21|0x0000000706400000, 0x0000000706400000, 0x0000000706600000|  0%| F|  |TAMS 0x0000000706400000| PB 0x0000000706400000| Untracked 
|  22|0x0000000706600000, 0x0000000706600000, 0x0000000706800000|  0%| F|  |TAMS 0x0000000706600000| PB 0x0000000706600000| Untracked 
|  23|0x0000000706800000, 0x0000000706800000, 0x0000000706a00000|  0%| F|  |TAMS 0x0000000706800000| PB 0x0000000706800000| Untracked 
|  24|0x0000000706a00000, 0x0000000706a00000, 0x0000000706c00000|  0%| F|  |TAMS 0x0000000706a00000| PB 0x0000000706a00000| Untracked 
|  25|0x0000000706c00000, 0x0000000706c00000, 0x0000000706e00000|  0%| F|  |TAMS 0x0000000706c00000| PB 0x0000000706c00000| Untracked 
|  26|0x0000000706e00000, 0x0000000706e00000, 0x0000000707000000|  0%| F|  |TAMS 0x0000000706e00000| PB 0x0000000706e00000| Untracked 
|  27|0x0000000707000000, 0x0000000707000000, 0x0000000707200000|  0%| F|  |TAMS 0x0000000707000000| PB 0x0000000707000000| Untracked 
|  28|0x0000000707200000, 0x0000000707200000, 0x0000000707400000|  0%| F|  |TAMS 0x0000000707200000| PB 0x0000000707200000| Untracked 
|  29|0x0000000707400000, 0x0000000707400000, 0x0000000707600000|  0%| F|  |TAMS 0x0000000707400000| PB 0x0000000707400000| Untracked 
|  30|0x0000000707600000, 0x0000000707600000, 0x0000000707800000|  0%| F|  |TAMS 0x0000000707600000| PB 0x0000000707600000| Untracked 
|  31|0x0000000707800000, 0x0000000707800000, 0x0000000707a00000|  0%| F|  |TAMS 0x0000000707800000| PB 0x0000000707800000| Untracked 
|  32|0x0000000707a00000, 0x0000000707beac28, 0x0000000707c00000| 95%| E|  |TAMS 0x0000000707a00000| PB 0x0000000707a00000| Complete 
|  33|0x0000000707c00000, 0x0000000707e00000, 0x0000000707e00000|100%| E|CS|TAMS 0x0000000707c00000| PB 0x0000000707c00000| Complete 
|  34|0x0000000707e00000, 0x0000000708000000, 0x0000000708000000|100%| E|CS|TAMS 0x0000000707e00000| PB 0x0000000707e00000| Complete 
|  35|0x0000000708000000, 0x0000000708200000, 0x0000000708200000|100%| E|CS|TAMS 0x0000000708000000| PB 0x0000000708000000| Complete 
|  36|0x0000000708200000, 0x0000000708400000, 0x0000000708400000|100%| E|CS|TAMS 0x0000000708200000| PB 0x0000000708200000| Complete 
|  69|0x000000070c400000, 0x000000070c600000, 0x000000070c600000|100%| E|CS|TAMS 0x000000070c400000| PB 0x000000070c400000| Complete 
|  70|0x000000070c600000, 0x000000070c800000, 0x000000070c800000|100%| E|CS|TAMS 0x000000070c600000| PB 0x000000070c600000| Complete 
| 126|0x0000000713600000, 0x0000000713800000, 0x0000000713800000|100%| E|CS|TAMS 0x0000000713600000| PB 0x0000000713600000| Complete 

Card table byte_map: [0x0000022e2d470000,0x0000022e2dc60000] _byte_map_base: 0x0000022e29c53000

Marking Bits: (CMBitMap*) 0x0000022e1319b4e0
 Bits: [0x0000022e2dc60000, 0x0000022e31b78000)

Polling page: 0x0000022e13080000

Metaspace:

Usage:
  Non-class:     64.49 MB used.
      Class:     10.11 MB used.
       Both:     74.60 MB used.

Virtual space:
  Non-class space:      128.00 MB reserved,      64.88 MB ( 51%) committed,  2 nodes.
      Class space:        1.00 GB reserved,      10.44 MB (  1%) committed,  1 nodes.
             Both:        1.12 GB reserved,      75.31 MB (  7%) committed. 

Chunk freelists:
   Non-Class:  14.23 MB
       Class:  5.59 MB
        Both:  19.82 MB

MaxMetaspaceSize: unlimited
CompressedClassSpaceSize: 1.00 GB
Initial GC threshold: 21.00 MB
Current GC threshold: 99.19 MB
CDS: on
 - commit_granule_bytes: 65536.
 - commit_granule_words: 8192.
 - virtual_space_node_default_size: 8388608.
 - enlarge_chunks_in_place: 1.
 - use_allocation_guard: 0.


Internal statistics:

num_allocs_failed_limit: 12.
num_arena_births: 974.
num_arena_deaths: 0.
num_vsnodes_births: 3.
num_vsnodes_deaths: 0.
num_space_committed: 1205.
num_space_uncommitted: 0.
num_chunks_returned_to_freelist: 12.
num_chunks_taken_from_freelist: 3660.
num_chunk_merges: 12.
num_chunk_splits: 2655.
num_chunks_enlarged: 2064.
num_inconsistent_stats: 0.

CodeHeap 'non-profiled nmethods': size=120000Kb used=4346Kb max_used=4346Kb free=115653Kb
 bounds [0x0000022e25200000, 0x0000022e25640000, 0x0000022e2c730000]
CodeHeap 'profiled nmethods': size=120000Kb used=11401Kb max_used=11401Kb free=108598Kb
 bounds [0x0000022e1d730000, 0x0000022e1e260000, 0x0000022e24c60000]
CodeHeap 'non-nmethods': size=5760Kb used=1944Kb max_used=1993Kb free=3815Kb
 bounds [0x0000022e24c60000, 0x0000022e24ed0000, 0x0000022e25200000]
 total_blobs=6496 nmethods=5750 adapters=650
 compilation: enabled
              stopped_count=0, restarted_count=0
 full_count=0

Compilation events (20 events):
Event: 1800.560 Thread 0x0000022e34804870 nmethod 6431 0x0000022e2563e190 code [0x0000022e2563e300, 0x0000022e2563e3b8]
Event: 1800.567 Thread 0x0000022e348084a0 6432       1       sun.security.ec.ECPublicKeyImpl::getParams (5 bytes)
Event: 1800.567 Thread 0x0000022e348084a0 nmethod 6432 0x0000022e2563e490 code [0x0000022e2563e620, 0x0000022e2563e6f0]
Event: 1800.572 Thread 0x0000022e348084a0 6433       3       java.math.MutableBigInteger::getLowestSetBit (74 bytes)
Event: 1800.573 Thread 0x0000022e348084a0 nmethod 6433 0x0000022e1e251390 code [0x0000022e1e251560, 0x0000022e1e2518b8]
Event: 1800.575 Thread 0x0000022e34804870 6434       4       java.security.Provider::getService (142 bytes)
Event: 1800.576 Thread 0x0000022e348084a0 6435       3       sun.security.ssl.CertificateMessage$T13CertificateProducer$$Lambda/0x0000022e3661c7a0::apply (8 bytes)
Event: 1800.576 Thread 0x0000022e348084a0 nmethod 6435 0x0000022e1e251a10 code [0x0000022e1e251bc0, 0x0000022e1e251de0]
Event: 1800.577 Thread 0x0000022e348084a0 6436       3       com.mysql.cj.protocol.a.NativePacketPayload::writeBytes (10 bytes)
Event: 1800.577 Thread 0x0000022e348084a0 nmethod 6436 0x0000022e1e251e90 code [0x0000022e1e252040, 0x0000022e1e2521a0]
Event: 1800.577 Thread 0x0000022e348084a0 6437       3       com.mysql.cj.protocol.a.NativePacketPayload::writeBytes (124 bytes)
Event: 1800.578 Thread 0x0000022e348084a0 nmethod 6437 0x0000022e1e252290 code [0x0000022e1e2524a0, 0x0000022e1e2529b0]
Event: 1800.580 Thread 0x0000022e348084a0 6438       3       java.util.AbstractQueue::<init> (5 bytes)
Event: 1800.582 Thread 0x0000022e348084a0 nmethod 6438 0x0000022e1e252c10 code [0x0000022e1e252dc0, 0x0000022e1e252f88]
Event: 1800.582 Thread 0x0000022e348084a0 6439       3       com.sun.crypto.provider.GaloisCounterMode$DecryptOp::doFinal (33 bytes)
Event: 1800.582 Thread 0x0000022e348084a0 nmethod 6439 0x0000022e1e253090 code [0x0000022e1e253280, 0x0000022e1e253698]
Event: 1800.582 Thread 0x0000022e348084a0 6440   !   3       javax.crypto.Mac::init (98 bytes)
Event: 1800.583 Thread 0x0000022e348084a0 nmethod 6440 0x0000022e1e253810 code [0x0000022e1e2539e0, 0x0000022e1e253d98]
Event: 1800.590 Thread 0x0000022e348084a0 6441       1       com.mysql.cj.conf.AbstractPropertyDefinition::isRuntimeModifiable (5 bytes)
Event: 1800.590 Thread 0x0000022e348084a0 nmethod 6441 0x0000022e2563e790 code [0x0000022e2563e920, 0x0000022e2563e9f0]

GC Heap History (20 events):
Event: 1.428 GC heap before
{Heap before GC invocations=2 (full 0):
 garbage-first heap   total 260096K, used 44718K [0x0000000703a00000, 0x0000000800000000)
  region size 2048K, 21 young (43008K), 2 survivors (4096K)
 Metaspace       used 21239K, committed 21504K, reserved 1114112K
  class space    used 2682K, committed 2816K, reserved 1048576K
}
Event: 1.432 GC heap after
{Heap after GC invocations=3 (full 0):
 garbage-first heap   total 260096K, used 13626K [0x0000000703a00000, 0x0000000800000000)
  region size 2048K, 3 young (6144K), 3 survivors (6144K)
 Metaspace       used 21239K, committed 21504K, reserved 1114112K
  class space    used 2682K, committed 2816K, reserved 1048576K
}
Event: 1.940 GC heap before
{Heap before GC invocations=4 (full 0):
 garbage-first heap   total 55296K, used 40250K [0x0000000703a00000, 0x0000000800000000)
  region size 2048K, 16 young (32768K), 3 survivors (6144K)
 Metaspace       used 24975K, committed 25280K, reserved 1114112K
  class space    used 3184K, committed 3328K, reserved 1048576K
}
Event: 1.947 GC heap after
{Heap after GC invocations=5 (full 0):
 garbage-first heap   total 55296K, used 16045K [0x0000000703a00000, 0x0000000800000000)
  region size 2048K, 2 young (4096K), 2 survivors (4096K)
 Metaspace       used 24975K, committed 25280K, reserved 1114112K
  class space    used 3184K, committed 3328K, reserved 1048576K
}
Event: 2.449 GC heap before
{Heap before GC invocations=5 (full 0):
 garbage-first heap   total 55296K, used 36525K [0x0000000703a00000, 0x0000000800000000)
  region size 2048K, 13 young (26624K), 2 survivors (4096K)
 Metaspace       used 29296K, committed 29760K, reserved 1114112K
  class space    used 3826K, committed 4032K, reserved 1048576K
}
Event: 2.456 GC heap after
{Heap after GC invocations=6 (full 0):
 garbage-first heap   total 55296K, used 17830K [0x0000000703a00000, 0x0000000800000000)
  region size 2048K, 2 young (4096K), 2 survivors (4096K)
 Metaspace       used 29296K, committed 29760K, reserved 1114112K
  class space    used 3826K, committed 4032K, reserved 1048576K
}
Event: 2.873 GC heap before
{Heap before GC invocations=6 (full 0):
 garbage-first heap   total 55296K, used 38310K [0x0000000703a00000, 0x0000000800000000)
  region size 2048K, 13 young (26624K), 2 survivors (4096K)
 Metaspace       used 32839K, committed 33280K, reserved 1114112K
  class space    used 4269K, committed 4480K, reserved 1048576K
}
Event: 2.876 GC heap after
{Heap after GC invocations=7 (full 0):
 garbage-first heap   total 157696K, used 19719K [0x0000000703a00000, 0x0000000800000000)
  region size 2048K, 1 young (2048K), 1 survivors (2048K)
 Metaspace       used 32839K, committed 33280K, reserved 1114112K
  class space    used 4269K, committed 4480K, reserved 1048576K
}
Event: 3.099 GC heap before
{Heap before GC invocations=7 (full 0):
 garbage-first heap   total 157696K, used 29959K [0x0000000703a00000, 0x0000000800000000)
  region size 2048K, 7 young (14336K), 1 survivors (2048K)
 Metaspace       used 35445K, committed 35968K, reserved 1114112K
  class space    used 4628K, committed 4864K, reserved 1048576K
}
Event: 3.101 GC heap after
{Heap after GC invocations=8 (full 0):
 garbage-first heap   total 157696K, used 20273K [0x0000000703a00000, 0x0000000800000000)
  region size 2048K, 2 young (4096K), 2 survivors (4096K)
 Metaspace       used 35445K, committed 35968K, reserved 1114112K
  class space    used 4628K, committed 4864K, reserved 1048576K
}
Event: 4.193 GC heap before
{Heap before GC invocations=9 (full 0):
 garbage-first heap   total 81920K, used 65329K [0x0000000703a00000, 0x0000000800000000)
  region size 2048K, 24 young (49152K), 2 survivors (4096K)
 Metaspace       used 51367K, committed 51968K, reserved 1114112K
  class space    used 6747K, committed 7040K, reserved 1048576K
}
Event: 4.197 GC heap after
{Heap after GC invocations=10 (full 0):
 garbage-first heap   total 81920K, used 24053K [0x0000000703a00000, 0x0000000800000000)
  region size 2048K, 3 young (6144K), 3 survivors (6144K)
 Metaspace       used 51367K, committed 51968K, reserved 1114112K
  class space    used 6747K, committed 7040K, reserved 1048576K
}
Event: 4.649 GC heap before
{Heap before GC invocations=10 (full 0):
 garbage-first heap   total 81920K, used 50677K [0x0000000703a00000, 0x0000000800000000)
  region size 2048K, 17 young (34816K), 3 survivors (6144K)
 Metaspace       used 59713K, committed 60416K, reserved 1114112K
  class space    used 8063K, committed 8384K, reserved 1048576K
}
Event: 4.654 GC heap after
{Heap after GC invocations=11 (full 0):
 garbage-first heap   total 81920K, used 25845K [0x0000000703a00000, 0x0000000800000000)
  region size 2048K, 2 young (4096K), 2 survivors (4096K)
 Metaspace       used 59713K, committed 60416K, reserved 1114112K
  class space    used 8063K, committed 8384K, reserved 1048576K
}
Event: 4.666 GC heap before
{Heap before GC invocations=11 (full 0):
 garbage-first heap   total 81920K, used 25845K [0x0000000703a00000, 0x0000000800000000)
  region size 2048K, 3 young (6144K), 2 survivors (4096K)
 Metaspace       used 60131K, committed 60736K, reserved 1114112K
  class space    used 8102K, committed 8384K, reserved 1048576K
}
Event: 4.668 GC heap after
{Heap after GC invocations=12 (full 0):
 garbage-first heap   total 81920K, used 25257K [0x0000000703a00000, 0x0000000800000000)
  region size 2048K, 1 young (2048K), 1 survivors (2048K)
 Metaspace       used 60131K, committed 60736K, reserved 1114112K
  class space    used 8102K, committed 8384K, reserved 1048576K
}
Event: 5.495 GC heap before
{Heap before GC invocations=13 (full 0):
 garbage-first heap   total 81920K, used 70313K [0x0000000703a00000, 0x0000000800000000)
  region size 2048K, 23 young (47104K), 1 survivors (2048K)
 Metaspace       used 69109K, committed 69760K, reserved 1114112K
  class space    used 9397K, committed 9664K, reserved 1048576K
}
Event: 5.499 GC heap after
{Heap after GC invocations=14 (full 0):
 garbage-first heap   total 81920K, used 28585K [0x0000000703a00000, 0x0000000800000000)
  region size 2048K, 3 young (6144K), 3 survivors (6144K)
 Metaspace       used 69109K, committed 69760K, reserved 1114112K
  class space    used 9397K, committed 9664K, reserved 1048576K
}
Event: 7.846 GC heap before
{Heap before GC invocations=14 (full 0):
 garbage-first heap   total 81920K, used 69545K [0x0000000703a00000, 0x0000000800000000)
  region size 2048K, 23 young (47104K), 3 survivors (6144K)
 Metaspace       used 72627K, committed 73344K, reserved 1114112K
  class space    used 9897K, committed 10240K, reserved 1048576K
}
Event: 7.851 GC heap after
{Heap after GC invocations=15 (full 0):
 garbage-first heap   total 81920K, used 31310K [0x0000000703a00000, 0x0000000800000000)
  region size 2048K, 2 young (4096K), 2 survivors (4096K)
 Metaspace       used 72627K, committed 73344K, reserved 1114112K
  class space    used 9897K, committed 10240K, reserved 1048576K
}

Dll operation events (14 events):
Event: 0.009 Loaded shared library C:\Program Files\Java\jdk-21\bin\java.dll
Event: 0.045 Loaded shared library C:\Program Files\Java\jdk-21\bin\jsvml.dll
Event: 0.110 Loaded shared library C:\Program Files\Java\jdk-21\bin\zip.dll
Event: 0.114 Loaded shared library C:\Program Files\Java\jdk-21\bin\instrument.dll
Event: 0.119 Loaded shared library C:\Program Files\Java\jdk-21\bin\net.dll
Event: 0.121 Loaded shared library C:\Program Files\Java\jdk-21\bin\nio.dll
Event: 0.123 Loaded shared library C:\Program Files\Java\jdk-21\bin\zip.dll
Event: 0.201 Loaded shared library D:\IntelliJ IDEA Community Edition 2024.2.3\bin\breakgen64.dll
Event: 0.209 Loaded shared library C:\Program Files\Java\jdk-21\bin\extnet.dll
Event: 0.237 Loaded shared library C:\Program Files\Java\jdk-21\bin\jimage.dll
Event: 1.473 Loaded shared library C:\Program Files\Java\jdk-21\bin\sunmscapi.dll
Event: 2.707 Loaded shared library C:\Program Files\Java\jdk-21\bin\management.dll
Event: 2.709 Loaded shared library C:\Program Files\Java\jdk-21\bin\management_ext.dll
Event: 3.213 Loaded shared library C:\Program Files\Java\jdk-21\bin\verify.dll

Deoptimization events (20 events):
Event: 10.826 Thread 0x0000022e7c1f4460 DEOPT PACKING pc=0x0000022e1e176018 sp=0x0000008157ffba70
Event: 10.826 Thread 0x0000022e7c1f4460 DEOPT UNPACKING pc=0x0000022e24cb88e2 sp=0x0000008157ffaf50 mode 0
Event: 10.827 Thread 0x0000022e7c1f4460 DEOPT PACKING pc=0x0000022e1e176018 sp=0x0000008157ffba70
Event: 10.827 Thread 0x0000022e7c1f4460 DEOPT UNPACKING pc=0x0000022e24cb88e2 sp=0x0000008157ffaf50 mode 0
Event: 10.828 Thread 0x0000022e7c1f4460 DEOPT PACKING pc=0x0000022e1e176018 sp=0x0000008157ffba70
Event: 10.828 Thread 0x0000022e7c1f4460 DEOPT UNPACKING pc=0x0000022e24cb88e2 sp=0x0000008157ffaf50 mode 0
Event: 10.846 Thread 0x0000022e7c1f4460 Uncommon trap: trap_request=0xffffffde fr.pc=0x0000022e255ab138 relative=0x00000000000014b8
Event: 10.846 Thread 0x0000022e7c1f4460 Uncommon trap: reason=class_check action=maybe_recompile pc=0x0000022e255ab138 method=org.springframework.core.annotation.AnnotatedElementUtils.getAnnotationAttributes(Lorg/springframework/core/annotation/MergedAnnotation;ZZ)Lorg/springframework/core/anno
Event: 10.846 Thread 0x0000022e7c1f4460 DEOPT PACKING pc=0x0000022e255ab138 sp=0x0000008157ffb6f0
Event: 10.846 Thread 0x0000022e7c1f4460 DEOPT UNPACKING pc=0x0000022e24cb7da2 sp=0x0000008157ffb568 mode 2
Event: 10.846 Thread 0x0000022e7c1f4460 Uncommon trap: trap_request=0xffffff45 fr.pc=0x0000022e255c1d04 relative=0x0000000000000ec4
Event: 10.846 Thread 0x0000022e7c1f4460 Uncommon trap: reason=unstable_if action=reinterpret pc=0x0000022e255c1d04 method=org.springframework.transaction.interceptor.AbstractFallbackTransactionAttributeSource.getTransactionAttribute(Ljava/lang/reflect/Method;Ljava/lang/Class;)Lorg/springframewo
Event: 10.846 Thread 0x0000022e7c1f4460 DEOPT PACKING pc=0x0000022e255c1d04 sp=0x0000008157ffb780
Event: 10.847 Thread 0x0000022e7c1f4460 DEOPT UNPACKING pc=0x0000022e24cb7da2 sp=0x0000008157ffb738 mode 2
Event: 1763.405 Thread 0x0000022e7c1ee1f0 Uncommon trap: trap_request=0xffffff45 fr.pc=0x0000022e2561e4c0 relative=0x00000000000000e0
Event: 1763.405 Thread 0x0000022e7c1ee1f0 Uncommon trap: reason=unstable_if action=reinterpret pc=0x0000022e2561e4c0 method=java.util.concurrent.locks.AbstractQueuedSynchronizer.tryInitializeHead()Ljava/util/concurrent/locks/AbstractQueuedSynchronizer$Node; @ 8 c2
Event: 1763.405 Thread 0x0000022e7c1ee1f0 DEOPT PACKING pc=0x0000022e2561e4c0 sp=0x00000081554ff2f0
Event: 1763.405 Thread 0x0000022e7c1ee1f0 DEOPT UNPACKING pc=0x0000022e24cb7da2 sp=0x00000081554ff200 mode 2
Event: 1763.451 Thread 0x0000022e7c1f0fe0 DEOPT PACKING pc=0x0000022e1dfeeee0 sp=0x00000081555fd8b0
Event: 1763.451 Thread 0x0000022e7c1f0fe0 DEOPT UNPACKING pc=0x0000022e24cb88e2 sp=0x00000081555fcd70 mode 0

Classes loaded (20 events):
Event: 10.629 Loading class java/util/ArrayList$SubList$2
Event: 10.629 Loading class java/util/ArrayList$SubList$2 done
Event: 10.673 Loading class java/time/format/DateTimeFormatterBuilder$ZoneTextPrinterParser
Event: 10.674 Loading class java/time/format/DateTimeFormatterBuilder$ZoneTextPrinterParser done
Event: 10.674 Loading class java/time/format/DateTimeFormatterBuilder$ReducedPrinterParser
Event: 10.675 Loading class java/time/format/DateTimeFormatterBuilder$ReducedPrinterParser done
Event: 10.685 Loading class org/w3c/dom/Node
Event: 10.685 Loading class org/w3c/dom/Node done
Event: 10.685 Loading class org/w3c/dom/Document
Event: 10.686 Loading class org/w3c/dom/Document done
Event: 10.914 Loading class java/util/stream/LongStream
Event: 10.915 Loading class java/util/stream/LongStream done
Event: 10.915 Loading class java/util/stream/DoubleStream
Event: 10.915 Loading class java/util/stream/DoubleStream done
Event: 1763.378 Loading class sun/security/ssl/Alert
Event: 1763.390 Loading class sun/security/ssl/Alert done
Event: 1763.394 Loading class sun/security/ssl/Alert$AlertConsumer
Event: 1763.398 Loading class sun/security/ssl/Alert$AlertConsumer done
Event: 1763.398 Loading class sun/security/ssl/Alert$Level
Event: 1763.399 Loading class sun/security/ssl/Alert$Level done

Classes unloaded (0 events):
No events

Classes redefined (0 events):
No events

Internal exceptions (20 events):
Event: 4.722 Thread 0x0000022e130d7fa0 Exception <a 'java/lang/NoSuchMethodError'{0x000000070c4f2aa8}: 'void java.lang.invoke.DirectMethodHandle$Holder.invokeInterface(java.lang.Object, java.lang.Object)'> (0x000000070c4f2aa8) 
thrown [s\open\src\hotspot\share\interpreter\linkResolver.cpp, line 773]
Event: 4.794 Thread 0x0000022e130d7fa0 Exception <a 'java/lang/NoSuchMethodError'{0x00000007080d2b60}: 'void java.lang.invoke.Invokers$Holder.invokeExact_MT(java.lang.Object, java.lang.Object, java.lang.Object, java.lang.Object)'> (0x00000007080d2b60) 
thrown [s\open\src\hotspot\share\interpreter\linkResolver.cpp, line 773]
Event: 4.811 Thread 0x0000022e130d7fa0 Implicit null exception at 0x0000022e25462777 to 0x0000022e254629e8
Event: 4.843 Thread 0x0000022e130d7fa0 Exception <a 'java/lang/IncompatibleClassChangeError'{0x0000000707d64f50}: Found class java.lang.Object, but interface was expected> (0x0000000707d64f50) 
thrown [s\open\src\hotspot\share\interpreter\linkResolver.cpp, line 840]
Event: 4.850 Thread 0x0000022e130d7fa0 Exception <a 'java/lang/IncompatibleClassChangeError'{0x0000000707dcde90}: Found class java.lang.Object, but interface was expected> (0x0000000707dcde90) 
thrown [s\open\src\hotspot\share\interpreter\linkResolver.cpp, line 840]
Event: 4.891 Thread 0x0000022e130d7fa0 Exception <a 'java/lang/IncompatibleClassChangeError'{0x0000000707b8fc30}: Found class java.lang.Object, but interface was expected> (0x0000000707b8fc30) 
thrown [s\open\src\hotspot\share\interpreter\linkResolver.cpp, line 840]
Event: 5.030 Thread 0x0000022e130d7fa0 Exception <a 'java/lang/IncompatibleClassChangeError'{0x00000007075983b0}: Found class java.lang.Object, but interface was expected> (0x00000007075983b0) 
thrown [s\open\src\hotspot\share\interpreter\linkResolver.cpp, line 840]
Event: 5.101 Thread 0x0000022e130d7fa0 Exception <a 'java/lang/IncompatibleClassChangeError'{0x000000070703d9a8}: Found class java.lang.Object, but interface was expected> (0x000000070703d9a8) 
thrown [s\open\src\hotspot\share\interpreter\linkResolver.cpp, line 840]
Event: 5.387 Thread 0x0000022e130d7fa0 Exception <a 'java/lang/NoSuchMethodError'{0x0000000706385b58}: 'java.lang.Object java.lang.invoke.DirectMethodHandle$Holder.newInvokeSpecial(java.lang.Object, java.lang.Object, java.lang.Object, java.lang.Object, java.lang.Object, java.lang.Object, java.lang.Object, java.lang.Object)'> (0x0000000706385b58) 
thrown [s\open\src\hotspot\share\interpreter\linkResolver.cpp, line 773]
Event: 5.739 Thread 0x0000022e130d7fa0 Exception <a 'java/lang/IncompatibleClassChangeError'{0x0000000707a73438}: Found class java.lang.Object, but interface was expected> (0x0000000707a73438) 
thrown [s\open\src\hotspot\share\interpreter\linkResolver.cpp, line 840]
Event: 5.836 Thread 0x0000022e130d7fa0 Exception <a 'java/lang/NoSuchMethodError'{0x00000007077b5488}: 'java.lang.Object java.lang.invoke.DirectMethodHandle$Holder.invokeInterface(java.lang.Object, java.lang.Object, java.lang.Object, java.lang.Object)'> (0x00000007077b5488) 
thrown [s\open\src\hotspot\share\interpreter\linkResolver.cpp, line 773]
Event: 5.896 Thread 0x0000022e130d7fa0 Exception <a 'java/lang/NoSuchMethodError'{0x00000007072a6d48}: 'void java.lang.invoke.DirectMethodHandle$Holder.invokeVirtual(java.lang.Object, java.lang.Object, long)'> (0x00000007072a6d48) 
thrown [s\open\src\hotspot\share\interpreter\linkResolver.cpp, line 773]
Event: 5.965 Thread 0x0000022e130d7fa0 Exception <a 'java/lang/NoSuchMethodError'{0x0000000706eee9a0}: 'int java.lang.invoke.DirectMethodHandle$Holder.invokeStaticInit(java.lang.Object, java.lang.Object, java.lang.Object, java.lang.Object)'> (0x0000000706eee9a0) 
thrown [s\open\src\hotspot\share\interpreter\linkResolver.cpp, line 773]
Event: 5.989 Thread 0x0000022e130d7fa0 Exception <a 'java/lang/IncompatibleClassChangeError'{0x0000000706c77250}: Found class java.lang.Object, but interface was expected> (0x0000000706c77250) 
thrown [s\open\src\hotspot\share\interpreter\linkResolver.cpp, line 840]
Event: 6.090 Thread 0x0000022e130d7fa0 Exception <a 'java/lang/NoSuchMethodError'{0x0000000706484018}: 'void java.lang.invoke.DirectMethodHandle$Holder.invokeSpecial(java.lang.Object, java.lang.Object, int, java.lang.Object, java.lang.Object, java.lang.Object, java.lang.Object)'> (0x0000000706484018) 
thrown [s\open\src\hotspot\share\interpreter\linkResolver.cpp, line 773]
Event: 6.090 Thread 0x0000022e130d7fa0 Exception <a 'java/lang/NoSuchMethodError'{0x000000070648ade0}: 'java.lang.Object java.lang.invoke.DirectMethodHandle$Holder.newInvokeSpecial(java.lang.Object, java.lang.Object, int, java.lang.Object, java.lang.Object)'> (0x000000070648ade0) 
thrown [s\open\src\hotspot\share\interpreter\linkResolver.cpp, line 773]
Event: 10.593 Thread 0x0000022e7c1f4460 Exception <a 'java/lang/NoSuchMethodError'{0x00000007137ce990}: 'java.lang.Object java.lang.invoke.DirectMethodHandle$Holder.invokeSpecial(java.lang.Object, java.lang.Object, java.lang.Object, java.lang.Object, java.lang.Object, long)'> (0x00000007137ce990) 
thrown [s\open\src\hotspot\share\interpreter\linkResolver.cpp, line 773]
Event: 10.593 Thread 0x0000022e7c1f4460 Exception <a 'java/lang/NoSuchMethodError'{0x00000007137d2108}: 'java.lang.Object java.lang.invoke.Invokers$Holder.linkToTargetMethod(java.lang.Object, java.lang.Object, java.lang.Object, long, java.lang.Object)'> (0x00000007137d2108) 
thrown [s\open\src\hotspot\share\interpreter\linkResolver.cpp, line 773]
Event: 10.629 Thread 0x0000022e7c1f4460 Exception <a 'java/lang/NoSuchMethodError'{0x000000070c7434a0}: 'java.lang.Object java.lang.invoke.DirectMethodHandle$Holder.invokeStatic(java.lang.Object, int, int)'> (0x000000070c7434a0) 
thrown [s\open\src\hotspot\share\interpreter\linkResolver.cpp, line 773]
Event: 10.874 Thread 0x0000022e7c1f4460 Exception <a 'java/lang/NoSuchMethodError'{0x0000000708155d60}: 'int java.lang.invoke.DirectMethodHandle$Holder.invokeStatic(java.lang.Object, java.lang.Object, int, int)'> (0x0000000708155d60) 
thrown [s\open\src\hotspot\share\interpreter\linkResolver.cpp, line 773]

ZGC Phase Switch (0 events):
No events

VM Operations (20 events):
Event: 1234.443 Executing VM operation: Cleanup
Event: 1234.443 Executing VM operation: Cleanup done
Event: 1283.946 Executing VM operation: Cleanup
Event: 1283.946 Executing VM operation: Cleanup done
Event: 1287.976 Executing VM operation: Cleanup
Event: 1287.976 Executing VM operation: Cleanup done
Event: 1294.023 Executing VM operation: Cleanup
Event: 1294.023 Executing VM operation: Cleanup done
Event: 1763.862 Executing VM operation: Cleanup
Event: 1763.862 Executing VM operation: Cleanup done
Event: 1770.895 Executing VM operation: Cleanup
Event: 1770.895 Executing VM operation: Cleanup done
Event: 1771.906 Executing VM operation: Cleanup
Event: 1771.906 Executing VM operation: Cleanup done
Event: 1783.019 Executing VM operation: Cleanup
Event: 1783.019 Executing VM operation: Cleanup done
Event: 1792.137 Executing VM operation: Cleanup
Event: 1792.137 Executing VM operation: Cleanup done
Event: 1793.139 Executing VM operation: Cleanup
Event: 1793.139 Executing VM operation: Cleanup done

Events (20 events):
Event: 9.560 Thread 0x0000022e7c1ee1f0 Thread exited: 0x0000022e7c1ee1f0
Event: 13.982 Thread 0x0000022e34be7600 Thread exited: 0x0000022e34be7600
Event: 1763.368 Thread 0x0000022e7c1ee1f0 Thread added: 0x0000022e7c1ee1f0
Event: 1763.405 Thread 0x0000022e7c1f0fe0 Thread added: 0x0000022e7c1f0fe0
Event: 1768.414 Thread 0x0000022e7c1ee1f0 Thread exited: 0x0000022e7c1ee1f0
Event: 1768.508 Thread 0x0000022e7c1f0fe0 Thread exited: 0x0000022e7c1f0fe0
Event: 1770.162 Thread 0x0000022e7c1f0fe0 Thread added: 0x0000022e7c1f0fe0
Event: 1770.165 Thread 0x0000022e7c1ee1f0 Thread added: 0x0000022e7c1ee1f0
Event: 1776.211 Thread 0x0000022e7c1f0fe0 Thread exited: 0x0000022e7c1f0fe0
Event: 1776.272 Thread 0x0000022e7c1ee1f0 Thread exited: 0x0000022e7c1ee1f0
Event: 1782.162 Thread 0x0000022e7c1ee1f0 Thread added: 0x0000022e7c1ee1f0
Event: 1782.164 Thread 0x0000022e7c1f0fe0 Thread added: 0x0000022e7c1f0fe0
Event: 1787.167 Thread 0x0000022e7c1ee1f0 Thread exited: 0x0000022e7c1ee1f0
Event: 1787.230 Thread 0x0000022e7c1f0fe0 Thread exited: 0x0000022e7c1f0fe0
Event: 1788.003 Thread 0x0000022e7c1ee1f0 Thread added: 0x0000022e7c1ee1f0
Event: 1788.005 Thread 0x0000022e7c1f0fe0 Thread added: 0x0000022e7c1f0fe0
Event: 1797.647 Thread 0x0000022e7c1ee1f0 Thread exited: 0x0000022e7c1ee1f0
Event: 1797.723 Thread 0x0000022e7c1f0fe0 Thread exited: 0x0000022e7c1f0fe0
Event: 1800.534 Thread 0x0000022e7c1ee1f0 Thread added: 0x0000022e7c1ee1f0
Event: 1800.548 Thread 0x0000022e7c1f0fe0 Thread added: 0x0000022e7c1f0fe0


Dynamic libraries:
0x00007ff717920000 - 0x00007ff717930000 	C:\Program Files\Java\jdk-21\bin\java.exe
0x00007ffc68550000 - 0x00007ffc68767000 	C:\WINDOWS\SYSTEM32\ntdll.dll
0x00007ffc66370000 - 0x00007ffc66434000 	C:\WINDOWS\System32\KERNEL32.DLL
0x00007ffc65ec0000 - 0x00007ffc66277000 	C:\WINDOWS\System32\KERNELBASE.dll
0x00007ffc65d30000 - 0x00007ffc65e41000 	C:\WINDOWS\System32\ucrtbase.dll
0x00007ffc5ef50000 - 0x00007ffc5ef6b000 	C:\Program Files\Java\jdk-21\bin\VCRUNTIME140.dll
0x00007ffc5d6c0000 - 0x00007ffc5d6d9000 	C:\Program Files\Java\jdk-21\bin\jli.dll
0x00007ffc66be0000 - 0x00007ffc66c92000 	C:\WINDOWS\System32\ADVAPI32.dll
0x00007ffc66440000 - 0x00007ffc664e7000 	C:\WINDOWS\System32\msvcrt.dll
0x00007ffc674a0000 - 0x00007ffc67548000 	C:\WINDOWS\System32\sechost.dll
0x00007ffc65c50000 - 0x00007ffc65c78000 	C:\WINDOWS\System32\bcrypt.dll
0x00007ffc67630000 - 0x00007ffc67744000 	C:\WINDOWS\System32\RPCRT4.dll
0x00007ffc66520000 - 0x00007ffc666cf000 	C:\WINDOWS\System32\USER32.dll
0x00007ffc65d00000 - 0x00007ffc65d26000 	C:\WINDOWS\System32\win32u.dll
0x00007ffc4d420000 - 0x00007ffc4d6b3000 	C:\WINDOWS\WinSxS\amd64_microsoft.windows.common-controls_6595b64144ccf1df_6.0.22621.3672_none_2713b9d173822955\COMCTL32.dll
0x00007ffc664f0000 - 0x00007ffc66519000 	C:\WINDOWS\System32\GDI32.dll
0x00007ffc65920000 - 0x00007ffc65a38000 	C:\WINDOWS\System32\gdi32full.dll
0x00007ffc65a40000 - 0x00007ffc65ada000 	C:\WINDOWS\System32\msvcp_win.dll
0x00007ffc5a7b0000 - 0x00007ffc5a7ba000 	C:\WINDOWS\SYSTEM32\VERSION.dll
0x00007ffc66330000 - 0x00007ffc66361000 	C:\WINDOWS\System32\IMM32.DLL
0x00007ffc5f320000 - 0x00007ffc5f32c000 	C:\Program Files\Java\jdk-21\bin\vcruntime140_1.dll
0x00007ffc4df70000 - 0x00007ffc4dffe000 	C:\Program Files\Java\jdk-21\bin\msvcp140.dll
0x00007ffbcf3e0000 - 0x00007ffbd00f3000 	C:\Program Files\Java\jdk-21\bin\server\jvm.dll
0x00007ffc666d0000 - 0x00007ffc66741000 	C:\WINDOWS\System32\WS2_32.dll
0x00007ffc646d0000 - 0x00007ffc6471d000 	C:\WINDOWS\SYSTEM32\POWRPROF.dll
0x00007ffc5c1e0000 - 0x00007ffc5c214000 	C:\WINDOWS\SYSTEM32\WINMM.dll
0x00007ffc646b0000 - 0x00007ffc646c3000 	C:\WINDOWS\SYSTEM32\UMPDC.dll
0x00007ffc64960000 - 0x00007ffc64978000 	C:\WINDOWS\SYSTEM32\kernel.appcore.dll
0x00007ffc5d6b0000 - 0x00007ffc5d6ba000 	C:\Program Files\Java\jdk-21\bin\jimage.dll
0x00007ffc62ed0000 - 0x00007ffc63102000 	C:\WINDOWS\SYSTEM32\DBGHELP.DLL
0x00007ffc67810000 - 0x00007ffc67b9e000 	C:\WINDOWS\System32\combase.dll
0x00007ffc67550000 - 0x00007ffc67627000 	C:\WINDOWS\System32\OLEAUT32.dll
0x00007ffc4a740000 - 0x00007ffc4a772000 	C:\WINDOWS\SYSTEM32\dbgcore.DLL
0x00007ffc65c80000 - 0x00007ffc65cfb000 	C:\WINDOWS\System32\bcryptPrimitives.dll
0x00007ffc5d6a0000 - 0x00007ffc5d6af000 	C:\Program Files\Java\jdk-21\bin\instrument.dll
0x00007ffc5c100000 - 0x00007ffc5c11f000 	C:\Program Files\Java\jdk-21\bin\java.dll
0x00007ffc67ba0000 - 0x00007ffc68409000 	C:\WINDOWS\System32\SHELL32.dll
0x00007ffc63790000 - 0x00007ffc6408f000 	C:\WINDOWS\SYSTEM32\windows.storage.dll
0x00007ffc63650000 - 0x00007ffc6378f000 	C:\WINDOWS\SYSTEM32\wintypes.dll
0x00007ffc66ec0000 - 0x00007ffc66fb9000 	C:\WINDOWS\System32\SHCORE.dll
0x00007ffc66280000 - 0x00007ffc662de000 	C:\WINDOWS\System32\shlwapi.dll
0x00007ffc65790000 - 0x00007ffc657b7000 	C:\WINDOWS\SYSTEM32\profapi.dll
0x00007ffc4de90000 - 0x00007ffc4df67000 	C:\Program Files\Java\jdk-21\bin\jsvml.dll
0x00007ffc4e390000 - 0x00007ffc4e3a8000 	C:\Program Files\Java\jdk-21\bin\zip.dll
0x00007ffc5c0f0000 - 0x00007ffc5c100000 	C:\Program Files\Java\jdk-21\bin\net.dll
0x00007ffc5f5a0000 - 0x00007ffc5f6d6000 	C:\WINDOWS\SYSTEM32\WINHTTP.dll
0x00007ffc64dd0000 - 0x00007ffc64e39000 	C:\WINDOWS\system32\mswsock.dll
0x00007ffc5c0d0000 - 0x00007ffc5c0e6000 	C:\Program Files\Java\jdk-21\bin\nio.dll
0x00007ffc4e310000 - 0x00007ffc4e32a000 	D:\IntelliJ IDEA Community Edition 2024.2.3\bin\breakgen64.dll
0x00007ffc5c0c0000 - 0x00007ffc5c0c9000 	C:\Program Files\Java\jdk-21\bin\extnet.dll
0x00007ffc4e2f0000 - 0x00007ffc4e2fe000 	C:\Program Files\Java\jdk-21\bin\sunmscapi.dll
0x00007ffc65ae0000 - 0x00007ffc65c46000 	C:\WINDOWS\System32\CRYPT32.dll
0x00007ffc65200000 - 0x00007ffc6522d000 	C:\WINDOWS\SYSTEM32\ncrypt.dll
0x00007ffc651c0000 - 0x00007ffc651f7000 	C:\WINDOWS\SYSTEM32\NTASN1.dll
0x00007ffc64ff0000 - 0x00007ffc6500b000 	C:\WINDOWS\SYSTEM32\CRYPTSP.dll
0x00007ffc648c0000 - 0x00007ffc648f5000 	C:\WINDOWS\system32\rsaenh.dll
0x00007ffc64e90000 - 0x00007ffc64eb8000 	C:\WINDOWS\SYSTEM32\USERENV.dll
0x00007ffc65010000 - 0x00007ffc6501c000 	C:\WINDOWS\SYSTEM32\CRYPTBASE.dll
0x00007ffc64360000 - 0x00007ffc6438d000 	C:\WINDOWS\SYSTEM32\IPHLPAPI.DLL
0x00007ffc66e00000 - 0x00007ffc66e09000 	C:\WINDOWS\System32\NSI.dll
0x00007ffc4e380000 - 0x00007ffc4e38a000 	C:\Program Files\Java\jdk-21\bin\management.dll
0x00007ffc4e300000 - 0x00007ffc4e30b000 	C:\Program Files\Java\jdk-21\bin\management_ext.dll
0x00007ffc672e0000 - 0x00007ffc672e8000 	C:\WINDOWS\System32\PSAPI.DLL
0x00007ffc4e2e0000 - 0x00007ffc4e2f0000 	C:\Program Files\Java\jdk-21\bin\verify.dll
0x00007ffc643d0000 - 0x00007ffc644d2000 	C:\WINDOWS\SYSTEM32\DNSAPI.dll
0x00007ffc5b830000 - 0x00007ffc5b83a000 	C:\Windows\System32\rasadhlp.dll
0x00007ffc5c9e0000 - 0x00007ffc5ca63000 	C:\WINDOWS\System32\fwpuclnt.dll
0x00007ffc1e5e0000 - 0x00007ffc1e5e8000 	C:\WINDOWS\system32\wshunix.dll

dbghelp: loaded successfully - version: 4.0.5 - missing functions: none
symbol engine: initialized successfully - sym options: 0x614 - pdb path: .;C:\Program Files\Java\jdk-21\bin;C:\WINDOWS\SYSTEM32;C:\WINDOWS\WinSxS\amd64_microsoft.windows.common-controls_6595b64144ccf1df_6.0.22621.3672_none_2713b9d173822955;C:\Program Files\Java\jdk-21\bin\server;D:\IntelliJ IDEA Community Edition 2024.2.3\bin

VM Arguments:
jvm_args: -javaagent:D:\IntelliJ IDEA Community Edition 2024.2.3\lib\idea_rt.jar=53960:D:\IntelliJ IDEA Community Edition 2024.2.3\bin -Dfile.encoding=UTF-8 -Dsun.stdout.encoding=UTF-8 -Dsun.stderr.encoding=UTF-8 
java_command: com.codeWithProject.hotelServer.HotelServerApplication
java_class_path (initial): D:\crud_angular_spring_boot\hotelServer\target\classes;C:\Users\PC\.m2\repository\org\springframework\boot\spring-boot-starter-data-jpa\3.3.4\spring-boot-starter-data-jpa-3.3.4.jar;C:\Users\PC\.m2\repository\org\springframework\boot\spring-boot-starter-aop\3.3.4\spring-boot-starter-aop-3.3.4.jar;C:\Users\PC\.m2\repository\org\aspectj\aspectjweaver\1.9.22.1\aspectjweaver-1.9.22.1.jar;C:\Users\PC\.m2\repository\org\springframework\boot\spring-boot-starter-jdbc\3.3.4\spring-boot-starter-jdbc-3.3.4.jar;C:\Users\PC\.m2\repository\com\zaxxer\HikariCP\5.1.0\HikariCP-5.1.0.jar;C:\Users\PC\.m2\repository\org\springframework\spring-jdbc\6.1.13\spring-jdbc-6.1.13.jar;C:\Users\PC\.m2\repository\org\hibernate\orm\hibernate-core\6.5.3.Final\hibernate-core-6.5.3.Final.jar;C:\Users\PC\.m2\repository\jakarta\persistence\jakarta.persistence-api\3.1.0\jakarta.persistence-api-3.1.0.jar;C:\Users\PC\.m2\repository\jakarta\transaction\jakarta.transaction-api\2.0.1\jakarta.transaction-api-2.0.1.jar;C:\Users\PC\.m2\repository\org\jboss\logging\jboss-logging\3.5.3.Final\jboss-logging-3.5.3.Final.jar;C:\Users\PC\.m2\repository\org\hibernate\common\hibernate-commons-annotations\6.0.6.Final\hibernate-commons-annotations-6.0.6.Final.jar;C:\Users\PC\.m2\repository\io\smallrye\jandex\3.1.2\jandex-3.1.2.jar;C:\Users\PC\.m2\repository\com\fasterxml\classmate\1.7.0\classmate-1.7.0.jar;C:\Users\PC\.m2\repository\net\bytebuddy\byte-buddy\1.14.19\byte-buddy-1.14.19.jar;C:\Users\PC\.m2\repository\org\glassfish\jaxb\jaxb-runtime\4.0.5\jaxb-runtime-4.0.5.jar;C:\Users\PC\.m2\repository\org\glassfish\jaxb\jaxb-core\4.0.5\jaxb-core-4.0.5.jar;C:\Users\PC\.m2\repository\org\eclipse\angus\angus-activation\2.0.2\angus-activation-2.0.2.jar;C:\Users\PC\.m2\repository\org\glassfish\jaxb\txw2\4.0.5\txw2-4.0.5.jar;C:\Users\PC\.m2\repository\com\sun\istack\istack-commons-runtime\4.1.2\istack-commons-runtime-4.1.2.jar;C:\Users\PC\.m2\repository\jakarta\inject\jakarta.inject-api\2.0.1\jakarta.inject-api-2.0.1.jar;C:\Users\PC\.m2\repository\org\antlr\antlr4-runtime\4.13.0\antlr4-runtime-4.13.0.jar;C:\Users\PC\.m2\repository\org\springframework\data\spring-data-jpa\3.3.4\spring-data-jpa-3.3.4.jar;C:\Users\PC\.m2\repository\org\springframework\data\spring-data-commons\3.3.4\spring-data-commons-3.3.4.jar;C:\Users\PC\.m2\repository\org\springframework\spring-orm\6.1.13\spring-orm-6.1.13.jar;C:\Users\PC\.m2\repository\org\springframework\spring-context\6.1.13\spring-context-6.1.13.jar;C:\Users\PC\.m2\repository\org\springframework\spring-tx\6.1.13\spring-tx-6.1.13.jar;C:\Users\PC\.m2\repository\org\springframework\spring-beans\6.1.13\spring-beans-6.1.13.jar;C:\Users\PC\.m2\repository\jakarta\annotation\jakarta.annotation-api\2.1.1\jakarta.annotation-api-2.1.1.jar;C:\Users\PC\.m2\repository\org\slf4j\slf4j-api\2.0.16\slf4j-api-2.0.16.jar;C:\Users\PC\.m2\repository\org\springframework\spring-aspects\6.1.13\spring-aspects-6.1.13.jar;C:\Users\PC\.m2\repository\org\springframework\boot\spring-boot-starter-web\3.3.4\spring-boot-starter-web-3.3.4.jar;C:\Users\PC\.m2\repository\org\springframework\boot\spring-boot-starter\3.3.4\spring-boot-starter-3.3.4.jar;C:\Users\PC\.m2\repository\org\springframework\boot\spring-boot\3.3.4\spring-boot-3.3.4.jar;C:\Users\PC\.m2\repository\org\springframework\boot\spring-boot-autoconfigure\3.3.4\spring-boot-autoconfigure-3.3.4.jar;C:\Users\PC\.m2\repository\org\springframework\boot\spring-boot-starter-logging\3.3.4\spring-boot-starter-logging-3.3.4.jar;C:\Users\PC\.m2\repository\ch\qos\logback\logback-classic\1.5.8\logback-classic-1.5.8.jar;C:\Users\PC\.m2\repository\ch\qos\logback\logback-core\1.5.8\logback-core-1.5.8.jar;C:\Users\PC\.m2\repository\org\apache\logging\log4j\log4j-to-slf4j\2.23.1\log4j-to-slf4j-2.23.1.jar;C:\Users\PC\.m2\repository\org\apache\logging\log4j\log4j-api\2.23.1\log4j-api-2.23.1.jar;C:\Users\PC\.m2\repository\org\slf4j\jul-to-slf4j\2.0.16\jul-to-slf4j-2.0.16.jar;C:\Users\PC\.m2\repository\org\yaml\snakeyaml\2.2\snakeyaml-2.2.jar;C:\Users\PC\.m2\repository\org\springframework\boot\spring-boot-starter-json\3.3.4\spring-boot-starter-json-3.3.4.jar;C:\Users\PC\.m2\repository\com\fasterxml\jackson\datatype\jackson-datatype-jdk8\2.17.2\jackson-datatype-jdk8-2.17.2.jar;C:\Users\PC\.m2\repository\com\fasterxml\jackson\datatype\jackson-datatype-jsr310\2.17.2\jackson-datatype-jsr310-2.17.2.jar;C:\Users\PC\.m2\repository\com\fasterxml\jackson\module\jackson-module-parameter-names\2.17.2\jackson-module-parameter-names-2.17.2.jar;C:\Users\PC\.m2\repository\org\springframework\boot\spring-boot-starter-tomcat\3.3.4\spring-boot-starter-tomcat-3.3.4.jar;C:\Users\PC\.m2\repository\org\apache\tomcat\embed\tomcat-embed-core\10.1.30\tomcat-embed-core-10.1.30.jar;C:\Users\PC\.m2\repository\org\apache\tomcat\embed\tomcat-embed-websocket\10.1.30\tomcat-embed-websocket-10.1.30.jar;C:\Users\PC\.m2\repository\org\springframework\spring-web\6.1.13\spring-web-6.1.13.jar;C:\Users\PC\.m2\repository\io\micrometer\micrometer-observation\1.13.4\micrometer-observation-1.13.4.jar;C:\Users\PC\.m2\repository\io\micrometer\micrometer-commons\1.13.4\micrometer-commons-1.13.4.jar;C:\Users\PC\.m2\repository\org\springframework\spring-webmvc\6.1.13\spring-webmvc-6.1.13.jar;C:\Users\PC\.m2\repository\org\springframework\spring-expression\6.1.13\spring-expression-6.1.13.jar;C:\Users\PC\.m2\repository\com\mysql\mysql-connector-j\8.3.0\mysql-connector-j-8.3.0.jar;C:\Users\PC\.m2\repository\org\projectlombok\lombok\1.18.34\lombok-1.18.34.jar;C:\Users\PC\.m2\repository\jakarta\xml\bind\jakarta.xml.bind-api\4.0.2\jakarta.xml.bind-api-4.0.2.jar;C:\Users\PC\.m2\repository\jakarta\activation\jakarta.activation-api\2.1.3\jakarta.activation-api-2.1.3.jar;C:\Users\PC\.m2\repository\org\springframework\spring-core\6.1.13\spring-core-6.1.13.jar;C:\Users\PC\.m2\repository\org\springframework\spring-jcl\6.1.13\spring-jcl-6.1.13.jar;C:\Users\PC\.m2\repository\org\springframework\spring-aop\6.1.13\spring-aop-6.1.13.jar;C:\Users\PC\.m2\repository\org\springframework\security\spring-security-config\6.3.3\spring-security-config-6.3.3.jar;C:\Users\PC\.m2\repository\org\springframework\security\spring-security-core\6.3.3\spring-security-core-6.3.3.jar;C:\Users\PC\.m2\repository\org\springframework\security\spring-security-crypto\6.3.3\spring-security-crypto-6.3.3.jar;C:\Users\PC\.m2\repository\org\springframework\security\spring-security-web\6.3.3\spring-security-web-6.3.3.jar;C:\Users\PC\.m2\repository\io\jsonwebtoken\jjwt-api\0.11.2\jjwt-api-0.11.2.jar;C:\Users\PC\.m2\repository\io\jsonwebtoken\jjwt-jackson\0.11.2\jjwt-jackson-0.11.2.jar;C:\Users\PC\.m2\repository\com\fasterxml\jackson\core\jackson-databind\2.17.2\jackson-databind-2.17.2.jar;C:\Users\PC\.m2\repository\com\fasterxml\jackson\core\jackson-annotations\2.17.2\jackson-annotations-2.17.2.jar;C:\Users\PC\.m2\repository\com\fasterxml\jackson\core\jackson-core\2.17.2\jackson-core-2.17.2.jar;C:\Users\PC\.m2\repository\com\vaadin\external\google\android-json\0.0.20131108.vaadin1\android-json-0.0.20131108.vaadin1.jar;C:\Users\PC\.m2\repository\org\apache\commons\commons-lang3\3.14.0\commons-lang3-3.14.0.jar;C:\Users\PC\.m2\repository\org\springframework\boot\spring-boot-starter-validation\3.3.4\spring-boot-starter-validation-3.3.4.jar;C:\Users\PC\.m2\repository\org\apache\tomcat\embed\tomcat-embed-el\10.1.30\tomcat-embed-el-10.1.30.jar;C:\Users\PC\.m2\repository\org\hibernate\validator\hibernate-validator\8.0.1.Final\hibernate-validator-8.0.1.Final.jar;C:\Users\PC\.m2\repository\jakarta\validation\jakarta.validation-api\3.0.2\jakarta.validation-api-3.0.2.jar
Launcher Type: SUN_STANDARD

[Global flags]
     intx CICompilerCount                          = 4                                         {product} {ergonomic}
     uint ConcGCThreads                            = 3                                         {product} {ergonomic}
     uint G1ConcRefinementThreads                  = 10                                        {product} {ergonomic}
   size_t G1HeapRegionSize                         = 2097152                                   {product} {ergonomic}
    uintx GCDrainStackTargetSize                   = 64                                        {product} {ergonomic}
   size_t InitialHeapSize                          = 266338304                                 {product} {ergonomic}
   size_t MarkStackSize                            = 4194304                                   {product} {ergonomic}
   size_t MaxHeapSize                              = 4234149888                                {product} {ergonomic}
   size_t MaxNewSize                               = 2539651072                                {product} {ergonomic}
   size_t MinHeapDeltaBytes                        = 2097152                                   {product} {ergonomic}
   size_t MinHeapSize                              = 8388608                                   {product} {ergonomic}
    uintx NonNMethodCodeHeapSize                   = 5839372                                {pd product} {ergonomic}
    uintx NonProfiledCodeHeapSize                  = 122909434                              {pd product} {ergonomic}
    uintx ProfiledCodeHeapSize                     = 122909434                              {pd product} {ergonomic}
    uintx ReservedCodeCacheSize                    = 251658240                              {pd product} {ergonomic}
     bool SegmentedCodeCache                       = true                                      {product} {ergonomic}
   size_t SoftMaxHeapSize                          = 4234149888                             {manageable} {ergonomic}
     bool UseCompressedOops                        = true                           {product lp64_product} {ergonomic}
     bool UseG1GC                                  = true                                      {product} {ergonomic}
     bool UseLargePagesIndividualAllocation        = false                                  {pd product} {ergonomic}

Logging:
Log output configuration:
 #0: stdout all=warning uptime,level,tags foldmultilines=false
 #1: stderr all=off uptime,level,tags foldmultilines=false

Environment Variables:
PATH=C:\Program Files\Common Files\Oracle\Java\javapath;C:\Program Files\Microsoft\jdk-11.0.16.101-hotspot\bin;C:\Windows\system32;C:\Windows;C:\Windows\System32\Wbem;C:\Windows\System32\WindowsPowerShell\v1.0\;C:\Windows\System32\OpenSSH\;C:\Program Files (x86)\NVIDIA Corporation\PhysX\Common;C:\Program Files\NVIDIA Corporation\NVIDIA NvDLISR;C:\MinGW\bin;C:\Program Files\Microsoft SQL Server\150\Tools\Binn\;C:\WINDOWS\system32;C:\WINDOWS;C:\WINDOWS\System32\Wbem;C:\WINDOWS\System32\WindowsPowerShell\v1.0\;C:\WINDOWS\System32\OpenSSH\;C:\Program Files (x86)\Microsoft SQL Server\160\Tools\Binn\;C:\Program Files\Microsoft SQL Server\160\Tools\Binn\;C:\Program Files\Microsoft SQL Server\Client SDK\ODBC\170\Tools\Binn\;C:\Program Files\Microsoft SQL Server\160\DTS\Binn\;C:\Program Files (x86)\Microsoft SQL Server\160\DTS\Binn\;C:\Program Files\Azure Data Studio\bin;C:\Program Files\nodejs\;C:\Program Files\Docker\Docker\resources\bin;C:\Program Files\Git\cmd;C:\Users\PC\AppData\Local\Microsoft\WindowsApps;C:\Users\PC\AppData\Local\Programs\Microsoft VS Code\bin;C:\Program Files\Azure Data Studio\bin;C:\Users\PC\AppData\Roaming\npm;C:\Users\PC\AppData\Local\GitHubDesktop\bin;C:\Program Files\JetBrains\IntelliJ IDEA 2024.2.3\bin;;D:\IntelliJ IDEA Community Edition 2024.2.3\bin;
USERNAME=PC
OS=Windows_NT
PROCESSOR_IDENTIFIER=Intel64 Family 6 Model 141 Stepping 1, GenuineIntel
TMP=C:\Users\PC\AppData\Local\Temp
TEMP=C:\Users\PC\AppData\Local\Temp




Periodic native trim disabled

---------------  S Y S T E M  ---------------

OS:
 Windows 11 , 64 bit Build 22621 (10.0.22621.3958)
OS uptime: 0 days 5:20 hours
Hyper-V role detected

CPU: total 12 (initial active 12) (6 cores per cpu, 2 threads per core) family 6 model 141 stepping 1 microcode 0x3c, cx8, cmov, fxsr, ht, mmx, 3dnowpref, sse, sse2, sse3, ssse3, sse4.1, sse4.2, popcnt, lzcnt, tsc, tscinvbit, avx, avx2, aes, erms, clmul, bmi1, bmi2, adx, avx512f, avx512dq, avx512cd, avx512bw, avx512vl, sha, fma, vzeroupper, avx512_vpopcntdq, avx512_vpclmulqdq, avx512_vaes, avx512_vnni, clflush, clflushopt, clwb, avx512_vbmi2, avx512_vbmi, hv, rdtscp, rdpid, fsrm, gfni, avx512_bitalg, f16c, cet_ibt, cet_ss, avx512_ifma
Processor Information for all 12 processors :
  Max Mhz: 2688, Current Mhz: 2688, Mhz Limit: 2688

Memory: 4k page, system-wide physical 16147M (362M free)
TotalPageFile size 24339M (AvailPageFile size 9M)
current process WorkingSet (physical memory assigned to process): 146M, peak: 300M
current process commit charge ("private bytes"): 307M, peak: 396M

vm_info: Java HotSpot(TM) 64-Bit Server VM (21.0.4+8-LTS-274) for windows-amd64 JRE (21.0.4+8-LTS-274), built on 2024-06-05T05:23:33Z by "mach5one" with MS VC++ 17.6 (VS2022)

END.
